  예제14.cpp
C:\Users\hyeon\Desktop\cpp_study-master\cpp_study-master\20_고급문법_2\예제14.cpp(13,6): error C2440: '=': 'Temp'에서 'int'(으)로 변환할 수 없습니다.
C:\Users\hyeon\Desktop\cpp_study-master\cpp_study-master\20_고급문법_2\예제14.cpp(13,6): message : 이 변환을 수행할 수 있는 사용 가능한 사용자 정의 변환 연산자가 없거나 연산자를 호출할 수 없습니다.
C:\Users\hyeon\Desktop\cpp_study-master\cpp_study-master\20_고급문법_2\예제14.cpp(17,6): error C2678: 이항 '==': 왼쪽 피연산자로 'Temp' 형식을 사용하는 연산자가 없거나 허용되는 변환이 없습니다.
C:\Users\hyeon\Desktop\cpp_study-master\cpp_study-master\20_고급문법_2\예제14.cpp(17,6): message : '기본 제공 C++ 연산자==(int, int)'일 수 있습니다.
C:\Program Files\Microsoft Visual Studio\2022\Community\VC\Tools\MSVC\14.37.32822\include\memory(3567,17): message : 또는       'bool std::operator ==(std::nullptr_t,const std::unique_ptr<_Ty,_Dx> &) noexcept'
C:\Users\hyeon\Desktop\cpp_study-master\cpp_study-master\20_고급문법_2\예제14.cpp(17,6): message : 'bool std::operator ==(std::nullptr_t,const std::unique_ptr<_Ty,_Dx> &) noexcept': 'bool'에서 'const std::unique_ptr<_Ty,_Dx> &'에 대한 템플릿 인수를 추론할 수 없습니다.
C:\Program Files\Microsoft Visual Studio\2022\Community\VC\Tools\MSVC\14.37.32822\include\memory(3561,30): message : 또는       'bool std::operator ==(const std::unique_ptr<_Ty,_Dx> &,std::nullptr_t) noexcept'
C:\Users\hyeon\Desktop\cpp_study-master\cpp_study-master\20_고급문법_2\예제14.cpp(17,6): message : 'bool std::operator ==(const std::unique_ptr<_Ty,_Dx> &,std::nullptr_t) noexcept': 'Temp'에서 'const std::unique_ptr<_Ty,_Dx> &'에 대한 템플릿 인수를 추론할 수 없습니다.
C:\Program Files\Microsoft Visual Studio\2022\Community\VC\Tools\MSVC\14.37.32822\include\memory(3513,30): message : 또는       'bool std::operator ==(const std::unique_ptr<_Ty,_Dx> &,const std::unique_ptr<_Ty2,_Dx2> &)'
C:\Users\hyeon\Desktop\cpp_study-master\cpp_study-master\20_고급문법_2\예제14.cpp(17,6): message : 'bool std::operator ==(const std::unique_ptr<_Ty,_Dx> &,const std::unique_ptr<_Ty2,_Dx2> &)': 'Temp'에서 'const std::unique_ptr<_Ty,_Dx> &'에 대한 템플릿 인수를 추론할 수 없습니다.
C:\Program Files\Microsoft Visual Studio\2022\Community\VC\Tools\MSVC\14.37.32822\include\memory(1932,17): message : 또는       'bool std::operator ==(std::nullptr_t,const std::shared_ptr<_Ty> &) noexcept'
C:\Users\hyeon\Desktop\cpp_study-master\cpp_study-master\20_고급문법_2\예제14.cpp(17,6): message : 'bool std::operator ==(std::nullptr_t,const std::shared_ptr<_Ty> &) noexcept': 'bool'에서 'const std::shared_ptr<_Ty> &'에 대한 템플릿 인수를 추론할 수 없습니다.
C:\Program Files\Microsoft Visual Studio\2022\Community\VC\Tools\MSVC\14.37.32822\include\memory(1921,17): message : 또는       'bool std::operator ==(const std::shared_ptr<_Ty> &,std::nullptr_t) noexcept'
C:\Users\hyeon\Desktop\cpp_study-master\cpp_study-master\20_고급문법_2\예제14.cpp(17,6): message : 'bool std::operator ==(const std::shared_ptr<_Ty> &,std::nullptr_t) noexcept': 'Temp'에서 'const std::shared_ptr<_Ty> &'에 대한 템플릿 인수를 추론할 수 없습니다.
C:\Program Files\Microsoft Visual Studio\2022\Community\VC\Tools\MSVC\14.37.32822\include\memory(1879,17): message : 또는       'bool std::operator ==(const std::shared_ptr<_Ty> &,const std::shared_ptr<_Ty0> &) noexcept'
C:\Users\hyeon\Desktop\cpp_study-master\cpp_study-master\20_고급문법_2\예제14.cpp(17,6): message : 'bool std::operator ==(const std::shared_ptr<_Ty> &,const std::shared_ptr<_Ty0> &) noexcept': 'Temp'에서 'const std::shared_ptr<_Ty> &'에 대한 템플릿 인수를 추론할 수 없습니다.
C:\Program Files\Microsoft Visual Studio\2022\Community\VC\Tools\MSVC\14.37.32822\include\xstring(5034,17): message : 또는       'bool std::operator ==(const _Elem *const ,const std::basic_string<_Elem,_Traits,_Alloc> &)'
C:\Users\hyeon\Desktop\cpp_study-master\cpp_study-master\20_고급문법_2\예제14.cpp(17,6): message : 'bool std::operator ==(const _Elem *const ,const std::basic_string<_Elem,_Traits,_Alloc> &)': 'Temp'에서 'const _Elem *const '에 대한 템플릿 인수를 추론할 수 없습니다.
C:\Program Files\Microsoft Visual Studio\2022\Community\VC\Tools\MSVC\14.37.32822\include\xstring(5015,30): message : 또는       'bool std::operator ==(const std::basic_string<_Elem,_Traits,_Alloc> &,const _Elem *const )'
C:\Users\hyeon\Desktop\cpp_study-master\cpp_study-master\20_고급문법_2\예제14.cpp(17,6): message : 'bool std::operator ==(const std::basic_string<_Elem,_Traits,_Alloc> &,const _Elem *const )': 'Temp'에서 'const std::basic_string<_Elem,_Traits,_Alloc> &'에 대한 템플릿 인수를 추론할 수 없습니다.
C:\Program Files\Microsoft Visual Studio\2022\Community\VC\Tools\MSVC\14.37.32822\include\xstring(5009,30): message : 또는       'bool std::operator ==(const std::basic_string<_Elem,_Traits,_Alloc> &,const std::basic_string<_Elem,_Traits,_Alloc> &) noexcept'
C:\Users\hyeon\Desktop\cpp_study-master\cpp_study-master\20_고급문법_2\예제14.cpp(17,6): message : 'bool std::operator ==(const std::basic_string<_Elem,_Traits,_Alloc> &,const std::basic_string<_Elem,_Traits,_Alloc> &) noexcept': 'Temp'에서 'const std::basic_string<_Elem,_Traits,_Alloc> &'에 대한 템플릿 인수를 추론할 수 없습니다.
C:\Program Files\Microsoft Visual Studio\2022\Community\VC\Tools\MSVC\14.37.32822\include\xmemory(1034,30): message : 또는       'bool std::operator ==(const std::allocator<_Ty> &,const std::allocator<_Other> &) noexcept'
C:\Users\hyeon\Desktop\cpp_study-master\cpp_study-master\20_고급문법_2\예제14.cpp(17,6): message : 'bool std::operator ==(const std::allocator<_Ty> &,const std::allocator<_Other> &) noexcept': 'Temp'에서 'const std::allocator<_Ty> &'에 대한 템플릿 인수를 추론할 수 없습니다.
C:\Program Files\Microsoft Visual Studio\2022\Community\VC\Tools\MSVC\14.37.32822\include\iterator(489,17): message : 또는       'bool std::operator ==(const std::istreambuf_iterator<_Elem,_Traits> &,const std::istreambuf_iterator<_Elem,_Traits> &)'
C:\Users\hyeon\Desktop\cpp_study-master\cpp_study-master\20_고급문법_2\예제14.cpp(17,6): message : 'bool std::operator ==(const std::istreambuf_iterator<_Elem,_Traits> &,const std::istreambuf_iterator<_Elem,_Traits> &)': 'Temp'에서 'const std::istreambuf_iterator<_Elem,_Traits> &'에 대한 템플릿 인수를 추론할 수 없습니다.
C:\Program Files\Microsoft Visual Studio\2022\Community\VC\Tools\MSVC\14.37.32822\include\iterator(307,17): message : 또는       'bool std::operator ==(const std::istream_iterator<_Ty,_Elem,_Traits,_Diff> &,const std::istream_iterator<_Ty,_Elem,_Traits,_Diff> &) noexcept'
C:\Users\hyeon\Desktop\cpp_study-master\cpp_study-master\20_고급문법_2\예제14.cpp(17,6): message : 'bool std::operator ==(const std::istream_iterator<_Ty,_Elem,_Traits,_Diff> &,const std::istream_iterator<_Ty,_Elem,_Traits,_Diff> &) noexcept': 'Temp'에서 'const std::istream_iterator<_Ty,_Elem,_Traits,_Diff> &'에 대한 템플릿 인수를 추론할 수 없습니다.
C:\Program Files\Microsoft Visual Studio\2022\Community\VC\Tools\MSVC\14.37.32822\include\xutility(4264,5): message : 또는       'bool std::operator ==(const std::move_iterator<_Iter> &,const std::move_iterator<_Iter2> &) noexcept(<expr>)'
C:\Users\hyeon\Desktop\cpp_study-master\cpp_study-master\20_고급문법_2\예제14.cpp(17,6): message : 'bool std::operator ==(const std::move_iterator<_Iter> &,const std::move_iterator<_Iter2> &) noexcept(<expr>)': 'Temp'에서 'const std::move_iterator<_Iter> &'에 대한 템플릿 인수를 추론할 수 없습니다.
C:\Program Files\Microsoft Visual Studio\2022\Community\VC\Tools\MSVC\14.37.32822\include\xutility(1656,5): message : 또는       'bool std::operator ==(const std::reverse_iterator<_BidIt> &,const std::reverse_iterator<_BidIt2> &) noexcept(<expr>)'
C:\Users\hyeon\Desktop\cpp_study-master\cpp_study-master\20_고급문법_2\예제14.cpp(17,6): message : 'bool std::operator ==(const std::reverse_iterator<_BidIt> &,const std::reverse_iterator<_BidIt2> &) noexcept(<expr>)': 'Temp'에서 'const std::reverse_iterator<_BidIt> &'에 대한 템플릿 인수를 추론할 수 없습니다.
C:\Program Files\Microsoft Visual Studio\2022\Community\VC\Tools\MSVC\14.37.32822\include\utility(482,27): message : 또는       'bool std::operator ==(const std::pair<_Ty1,_Ty2> &,const std::pair<_Uty1,_Uty2> &)'
C:\Users\hyeon\Desktop\cpp_study-master\cpp_study-master\20_고급문법_2\예제14.cpp(17,6): message : 'bool std::operator ==(const std::pair<_Ty1,_Ty2> &,const std::pair<_Uty1,_Uty2> &)': 'Temp'에서 'const std::pair<_Ty1,_Ty2> &'에 대한 템플릿 인수를 추론할 수 없습니다.
C:\Users\hyeon\Desktop\cpp_study-master\cpp_study-master\20_고급문법_2\예제14.cpp(17,6): message : 인수 목록 '(Temp, bool)'을(를) 일치시키는 동안
